{"total": {"lines":{"total":491,"covered":454,"skipped":0,"pct":92.46},"statements":{"total":491,"covered":454,"skipped":0,"pct":92.46},"functions":{"total":25,"covered":22,"skipped":0,"pct":88},"branches":{"total":67,"covered":63,"skipped":0,"pct":94.02},"branchesTrue":{"total":0,"covered":0,"skipped":0,"pct":100}}
,"C:\\Users\\danie\\projects\\strajk\\strajk-bowling\\src\\App.jsx": {"lines":{"total":15,"covered":0,"skipped":0,"pct":0},"functions":{"total":1,"covered":0,"skipped":0,"pct":0},"statements":{"total":15,"covered":0,"skipped":0,"pct":0},"branches":{"total":1,"covered":0,"skipped":0,"pct":0}}
,"C:\\Users\\danie\\projects\\strajk\\strajk-bowling\\src\\router.jsx": {"lines":{"total":17,"covered":0,"skipped":0,"pct":0},"functions":{"total":1,"covered":0,"skipped":0,"pct":0},"statements":{"total":17,"covered":0,"skipped":0,"pct":0},"branches":{"total":1,"covered":0,"skipped":0,"pct":0}}
,"C:\\Users\\danie\\projects\\strajk\\strajk-bowling\\src\\__mocks__\\handlers.js": {"lines":{"total":35,"covered":32,"skipped":0,"pct":91.42},"functions":{"total":0,"covered":0,"skipped":0,"pct":100},"statements":{"total":35,"covered":32,"skipped":0,"pct":91.42},"branches":{"total":1,"covered":1,"skipped":0,"pct":100}}
,"C:\\Users\\danie\\projects\\strajk\\strajk-bowling\\src\\__mocks__\\server.js": {"lines":{"total":4,"covered":4,"skipped":0,"pct":100},"functions":{"total":0,"covered":0,"skipped":0,"pct":100},"statements":{"total":4,"covered":4,"skipped":0,"pct":100},"branches":{"total":0,"covered":0,"skipped":0,"pct":100}}
,"C:\\Users\\danie\\projects\\strajk\\strajk-bowling\\src\\components\\BookingInfo\\BookingInfo.jsx": {"lines":{"total":48,"covered":48,"skipped":0,"pct":100},"functions":{"total":1,"covered":1,"skipped":0,"pct":100},"statements":{"total":48,"covered":48,"skipped":0,"pct":100},"branches":{"total":1,"covered":1,"skipped":0,"pct":100}}
,"C:\\Users\\danie\\projects\\strajk\\strajk-bowling\\src\\components\\ErrorMessage\\ErrorMessage.jsx": {"lines":{"total":11,"covered":11,"skipped":0,"pct":100},"functions":{"total":1,"covered":1,"skipped":0,"pct":100},"statements":{"total":11,"covered":11,"skipped":0,"pct":100},"branches":{"total":1,"covered":1,"skipped":0,"pct":100}}
,"C:\\Users\\danie\\projects\\strajk\\strajk-bowling\\src\\components\\Input\\Input.jsx": {"lines":{"total":32,"covered":32,"skipped":0,"pct":100},"functions":{"total":1,"covered":1,"skipped":0,"pct":100},"statements":{"total":32,"covered":32,"skipped":0,"pct":100},"branches":{"total":5,"covered":5,"skipped":0,"pct":100}}
,"C:\\Users\\danie\\projects\\strajk\\strajk-bowling\\src\\components\\Navigation\\Navigation.jsx": {"lines":{"total":42,"covered":40,"skipped":0,"pct":95.23},"functions":{"total":4,"covered":3,"skipped":0,"pct":75},"statements":{"total":42,"covered":40,"skipped":0,"pct":95.23},"branches":{"total":9,"covered":9,"skipped":0,"pct":100}}
,"C:\\Users\\danie\\projects\\strajk\\strajk-bowling\\src\\components\\Shoes\\Shoes.jsx": {"lines":{"total":51,"covered":51,"skipped":0,"pct":100},"functions":{"total":3,"covered":3,"skipped":0,"pct":100},"statements":{"total":51,"covered":51,"skipped":0,"pct":100},"branches":{"total":4,"covered":4,"skipped":0,"pct":100}}
,"C:\\Users\\danie\\projects\\strajk\\strajk-bowling\\src\\components\\Top\\Top.jsx": {"lines":{"total":13,"covered":13,"skipped":0,"pct":100},"functions":{"total":1,"covered":1,"skipped":0,"pct":100},"statements":{"total":13,"covered":13,"skipped":0,"pct":100},"branches":{"total":1,"covered":1,"skipped":0,"pct":100}}
,"C:\\Users\\danie\\projects\\strajk\\strajk-bowling\\src\\views\\Booking.jsx": {"lines":{"total":159,"covered":159,"skipped":0,"pct":100},"functions":{"total":11,"covered":11,"skipped":0,"pct":100},"statements":{"total":159,"covered":159,"skipped":0,"pct":100},"branches":{"total":39,"covered":38,"skipped":0,"pct":97.43}}
,"C:\\Users\\danie\\projects\\strajk\\strajk-bowling\\src\\views\\Confirmation.jsx": {"lines":{"total":64,"covered":64,"skipped":0,"pct":100},"functions":{"total":1,"covered":1,"skipped":0,"pct":100},"statements":{"total":64,"covered":64,"skipped":0,"pct":100},"branches":{"total":4,"covered":3,"skipped":0,"pct":75}}
}
