TN:
SF:src\App.jsx
FN:1,(empty-report)
FNF:1
FNH:0
FNDA:0,(empty-report)
DA:1,0
DA:2,0
DA:3,0
DA:4,0
DA:5,0
DA:6,0
DA:7,0
DA:8,0
DA:9,0
DA:10,0
DA:11,0
DA:12,0
DA:13,0
DA:14,0
DA:15,0
LF:15
LH:0
BRDA:1,0,0,0
BRF:1
BRH:0
end_of_record
TN:
SF:src\router.jsx
FN:1,(empty-report)
FNF:1
FNH:0
FNDA:0,(empty-report)
DA:1,0
DA:2,0
DA:3,0
DA:4,0
DA:5,0
DA:6,0
DA:7,0
DA:8,0
DA:9,0
DA:10,0
DA:11,0
DA:12,0
DA:13,0
DA:14,0
DA:15,0
DA:16,0
DA:17,0
LF:17
LH:0
BRDA:1,0,0,0
BRF:1
BRH:0
end_of_record
TN:
SF:src\__mocks__\handlers.js
FNF:0
FNH:0
DA:1,1
DA:2,1
DA:3,1
DA:4,1
DA:5,1
DA:6,1
DA:7,2
DA:8,2
DA:9,2
DA:10,2
DA:11,2
DA:12,2
DA:13,2
DA:14,2
DA:15,2
DA:16,2
DA:17,2
DA:18,2
DA:19,2
DA:20,2
DA:21,2
DA:22,2
DA:23,2
DA:24,2
DA:25,2
DA:26,1
DA:27,1
DA:28,1
DA:29,1
DA:30,1
DA:31,0
DA:32,0
DA:33,0
DA:34,1
DA:35,1
LF:35
LH:32
BRDA:6,0,0,2
BRF:1
BRH:1
end_of_record
TN:
SF:src\__mocks__\server.js
FNF:0
FNH:0
DA:1,1
DA:2,1
DA:3,1
DA:4,1
LF:4
LH:4
BRF:0
BRH:0
end_of_record
TN:
SF:src\components\BookingInfo\BookingInfo.jsx
FN:5,BookingInfo
FNF:1
FNH:1
FNDA:79,BookingInfo
DA:1,1
DA:2,1
DA:3,1
DA:4,1
DA:5,79
DA:6,79
DA:7,79
DA:8,79
DA:9,79
DA:10,79
DA:11,79
DA:12,79
DA:13,79
DA:14,79
DA:15,79
DA:16,79
DA:17,79
DA:18,79
DA:19,79
DA:20,79
DA:21,79
DA:22,79
DA:23,79
DA:24,79
DA:25,79
DA:26,79
DA:27,79
DA:28,79
DA:29,79
DA:30,79
DA:31,79
DA:32,79
DA:33,79
DA:34,79
DA:35,79
DA:36,79
DA:37,79
DA:38,79
DA:39,79
DA:40,79
DA:41,79
DA:42,79
DA:43,79
DA:44,79
DA:45,79
DA:46,79
DA:47,1
DA:48,1
LF:48
LH:48
BRDA:5,0,0,79
BRF:1
BRH:1
end_of_record
TN:
SF:src\components\ErrorMessage\ErrorMessage.jsx
FN:3,ErrorMessage
FNF:1
FNH:1
FNDA:7,ErrorMessage
DA:1,1
DA:2,1
DA:3,7
DA:4,7
DA:5,7
DA:6,7
DA:7,7
DA:8,7
DA:9,7
DA:10,1
DA:11,1
LF:11
LH:11
BRDA:3,0,0,7
BRF:1
BRH:1
end_of_record
TN:
SF:src\components\Input\Input.jsx
FN:3,Input
FNF:1
FNH:1
FNDA:401,Input
DA:1,1
DA:2,1
DA:3,401
DA:4,401
DA:5,401
DA:6,401
DA:7,401
DA:8,401
DA:9,401
DA:10,401
DA:11,401
DA:12,401
DA:13,401
DA:14,401
DA:15,401
DA:16,401
DA:17,401
DA:18,401
DA:19,401
DA:20,401
DA:21,401
DA:22,401
DA:23,401
DA:24,401
DA:25,401
DA:26,401
DA:27,401
DA:28,401
DA:29,401
DA:30,401
DA:31,1
DA:32,1
LF:32
LH:32
BRDA:3,0,0,401
BRDA:20,1,0,322
BRDA:20,2,0,79
BRDA:24,3,0,8
BRDA:24,4,0,393
BRF:5
BRH:5
end_of_record
TN:
SF:src\components\Navigation\Navigation.jsx
FN:6,Navigation
FN:16,onClick
FN:23,onClick
FN:32,onClick
FNF:4
FNH:3
FNDA:87,Navigation
FNDA:1,onClick
FNDA:0,onClick
FNDA:1,onClick
DA:1,1
DA:2,1
DA:3,1
DA:4,1
DA:5,1
DA:6,87
DA:7,87
DA:8,87
DA:9,87
DA:10,87
DA:11,87
DA:12,87
DA:13,87
DA:14,87
DA:15,87
DA:16,87
DA:17,1
DA:18,1
DA:19,87
DA:20,87
DA:21,87
DA:22,87
DA:23,87
DA:24,0
DA:25,0
DA:26,87
DA:27,87
DA:28,87
DA:29,87
DA:30,87
DA:31,87
DA:32,87
DA:33,1
DA:34,1
DA:35,87
DA:36,87
DA:37,87
DA:38,87
DA:39,87
DA:40,87
DA:41,1
DA:42,1
LF:42
LH:40
BRDA:6,0,0,87
BRDA:11,1,0,2
BRDA:11,2,0,85
BRDA:22,3,0,2
BRDA:22,4,0,85
BRDA:31,5,0,2
BRDA:31,6,0,85
BRDA:16,7,0,1
BRDA:32,8,0,1
BRF:9
BRH:9
end_of_record
TN:
SF:src\components\Shoes\Shoes.jsx
FN:6,Shoes
FN:21,onClick
FN:41,onClick
FNF:3
FNH:3
FNDA:79,Shoes
FNDA:1,onClick
FNDA:15,onClick
DA:1,1
DA:2,1
DA:3,1
DA:4,1
DA:5,1
DA:6,79
DA:7,79
DA:8,77
DA:9,77
DA:10,77
DA:11,77
DA:12,77
DA:13,77
DA:14,77
DA:15,77
DA:16,77
DA:17,77
DA:18,77
DA:19,77
DA:20,77
DA:21,77
DA:22,1
DA:23,1
DA:24,77
DA:25,77
DA:26,77
DA:27,77
DA:28,77
DA:29,77
DA:30,77
DA:31,79
DA:32,79
DA:33,79
DA:34,79
DA:35,79
DA:36,79
DA:37,79
DA:38,79
DA:39,79
DA:40,79
DA:41,79
DA:42,15
DA:43,15
DA:44,79
DA:45,79
DA:46,79
DA:47,79
DA:48,79
DA:49,79
DA:50,1
DA:51,1
LF:51
LH:51
BRDA:6,0,0,79
BRDA:7,1,0,77
BRDA:21,2,0,1
BRDA:41,3,0,15
BRF:4
BRH:4
end_of_record
TN:
SF:src\components\Top\Top.jsx
FN:4,Top
FNF:1
FNH:1
FNDA:84,Top
DA:1,1
DA:2,1
DA:3,1
DA:4,84
DA:5,84
DA:6,84
DA:7,84
DA:8,84
DA:9,84
DA:10,84
DA:11,84
DA:12,1
DA:13,1
LF:13
LH:13
BRDA:4,0,0,84
BRF:1
BRH:1
end_of_record
TN:
SF:src\views\Booking.jsx
FN:11,Booking
FN:22,updateBookingDetails
FN:32,updateSize
FN:45,addShoe
FN:51,removeShoe
FN:57,isShoeSizesFilled
FN:65,checkPlayersAndLanes
FN:74,sendBooking
FN:90,comparePeopleAndShoes
FN:94,saveConfirmation
FN:102,book
FNF:11
FNH:11
FNDA:79,Booking
FNDA:28,updateBookingDetails
FNDA:12,updateSize
FNDA:15,addShoe
FNDA:1,removeShoe
FNDA:4,isShoeSizesFilled
FNDA:3,checkPlayersAndLanes
FNDA:2,sendBooking
FNDA:5,comparePeopleAndShoes
FNDA:2,saveConfirmation
FNDA:9,book
DA:1,1
DA:2,1
DA:3,1
DA:4,1
DA:5,1
DA:6,1
DA:7,1
DA:8,1
DA:9,1
DA:10,1
DA:11,79
DA:12,79
DA:13,79
DA:14,79
DA:15,79
DA:16,79
DA:17,79
DA:18,79
DA:19,79
DA:20,79
DA:21,79
DA:22,79
DA:23,28
DA:24,28
DA:25,28
DA:26,28
DA:27,28
DA:28,28
DA:29,28
DA:30,28
DA:31,79
DA:32,79
DA:33,12
DA:34,12
DA:35,12
DA:36,12
DA:37,12
DA:38,12
DA:39,35
DA:40,12
DA:41,12
DA:42,12
DA:43,12
DA:44,79
DA:45,79
DA:46,15
DA:47,15
DA:48,15
DA:49,15
DA:50,79
DA:51,79
DA:52,1
DA:53,1
DA:54,1
DA:55,1
DA:56,79
DA:57,79
DA:58,4
DA:59,4
DA:60,4
DA:61,4
DA:62,4
DA:63,4
DA:64,79
DA:65,79
DA:66,3
DA:67,3
DA:68,3
DA:69,3
DA:70,1
DA:71,1
DA:72,3
DA:73,79
DA:74,79
DA:75,2
DA:76,2
DA:77,2
DA:78,2
DA:79,2
DA:80,2
DA:81,2
DA:82,2
DA:83,2
DA:84,2
DA:85,2
DA:86,2
DA:87,2
DA:88,2
DA:89,79
DA:90,79
DA:91,5
DA:92,5
DA:93,79
DA:94,79
DA:95,2
DA:96,2
DA:97,2
DA:98,2
DA:99,2
DA:100,2
DA:101,79
DA:102,79
DA:103,9
DA:104,9
DA:105,9
DA:106,4
DA:107,9
DA:108,1
DA:109,5
DA:110,1
DA:111,4
DA:112,1
DA:113,1
DA:114,9
DA:115,9
DA:116,9
DA:117,7
DA:118,7
DA:119,7
DA:120,2
DA:121,2
DA:122,2
DA:123,2
DA:124,2
DA:125,2
DA:126,2
DA:127,2
DA:128,2
DA:129,2
DA:130,2
DA:131,2
DA:132,2
DA:133,2
DA:134,2
DA:135,2
DA:136,2
DA:137,2
DA:138,9
DA:139,79
DA:140,79
DA:141,79
DA:142,79
DA:143,79
DA:144,79
DA:145,79
DA:146,79
DA:147,79
DA:148,79
DA:149,79
DA:150,79
DA:151,79
DA:152,79
DA:153,79
DA:154,79
DA:155,79
DA:156,79
DA:157,79
DA:158,1
DA:159,1
LF:159
LH:159
BRDA:11,0,0,79
BRDA:154,1,0,7
BRDA:154,2,0,72
BRDA:22,3,0,28
BRDA:26,4,0,28
BRDA:32,5,0,12
BRDA:36,6,0,0
BRDA:37,7,0,12
BRDA:38,8,0,35
BRDA:39,9,0,12
BRDA:39,10,0,23
BRDA:45,11,0,15
BRDA:51,12,0,1
BRDA:54,13,0,2
BRDA:57,14,0,4
BRDA:60,15,0,11
BRDA:60,16,0,9
BRDA:60,17,0,2
BRDA:65,18,0,3
BRDA:69,19,0,2
BRDA:69,20,0,1
BRDA:74,21,0,2
BRDA:90,22,0,5
BRDA:94,23,0,2
BRDA:95,24,0,2
BRDA:102,25,0,9
BRDA:105,26,0,6
BRDA:105,27,0,5
BRDA:105,28,0,5
BRDA:105,29,0,4
BRDA:107,30,0,5
BRDA:107,31,0,1
BRDA:109,32,0,4
BRDA:109,33,0,1
BRDA:111,34,0,3
BRDA:111,35,0,1
BRDA:116,36,0,7
BRDA:119,37,0,2
BRDA:125,38,0,4
BRF:39
BRH:38
end_of_record
TN:
SF:src\views\Confirmation.jsx
FN:8,Confirmation
FNF:1
FNH:1
FNDA:5,Confirmation
DA:1,1
DA:2,1
DA:3,1
DA:4,1
DA:5,1
DA:6,1
DA:7,1
DA:8,5
DA:9,5
DA:10,5
DA:11,5
DA:12,5
DA:13,5
DA:14,5
DA:15,5
DA:16,5
DA:17,5
DA:18,5
DA:19,5
DA:20,2
DA:21,2
DA:22,2
DA:23,2
DA:24,2
DA:25,2
DA:26,2
DA:27,2
DA:28,2
DA:29,2
DA:30,2
DA:31,2
DA:32,2
DA:33,2
DA:34,2
DA:35,2
DA:36,2
DA:37,2
DA:38,2
DA:39,2
DA:40,2
DA:41,2
DA:42,2
DA:43,2
DA:44,2
DA:45,2
DA:46,2
DA:47,2
DA:48,2
DA:49,2
DA:50,2
DA:51,2
DA:52,2
DA:53,2
DA:54,2
DA:55,2
DA:56,2
DA:57,3
DA:58,3
DA:59,5
DA:60,5
DA:61,5
DA:62,5
DA:63,1
DA:64,1
LF:64
LH:64
BRDA:8,0,0,5
BRDA:12,1,0,0
BRDA:19,2,0,2
BRDA:56,3,0,3
BRF:4
BRH:3
end_of_record
